<?xml version="1.0" encoding="UTF-8"?>
<!-- Generated by org.testng.reporters.JUnitReportReporter -->
<testsuite skipped="0" hostname="CTSL023" name="Files.DynamicJson" tests="3" failures="0" timestamp="2021-10-09T15:00:19 IST" time="4.244" errors="0">
  <testcase name="addBook" time="3.866" classname="Files.DynamicJson"/>
  <system-out/>
  <testcase name="addBook" time="0.166" classname="Files.DynamicJson"/>
  <system-out/>
  <testcase name="addBook" time="0.212" classname="Files.DynamicJson"/>
  <system-out/>
</testsuite> <!-- Files.DynamicJson -->
