<?xml version="1.0" encoding="UTF-8"?>
<!-- Generated by org.testng.reporters.JUnitReportReporter -->
<testsuite skipped="0" hostname="CTSL023" name="Files.DynamicJson" tests="1" failures="0" timestamp="2021-10-09T14:58:02 IST" time="4.060" errors="0">
  <testcase name="addBook" time="4.060" classname="Files.DynamicJson"/>
  <system-out/>
</testsuite> <!-- Files.DynamicJson -->
